17:24:02,964 ERROR [LoggerImpl] - Failed to add <ComponentDescription org.cougaar.core.domain.DomainManager> to <Agent BOLNode>
org.cougaar.core.component.ComponentRuntimeException: failed while calling initialize() for DefaultDomainBinder/null
	at org.cougaar.core.component.BindingUtility.call0(BindingUtility.java:136)
	at org.cougaar.core.component.BindingUtility.initialize(BindingUtility.java:111)
	at org.cougaar.core.component.ContainerSupport.bindComponent(ContainerSupport.java:513)
	at org.cougaar.core.component.ContainerSupport.loadComponent(ContainerSupport.java:459)
	at org.cougaar.core.domain.DomainManager.loadComponent(DomainManager.java:464)
	at org.cougaar.core.component.ContainerSupport.add(ContainerSupport.java:281)
	at org.cougaar.core.domain.DomainManager.load(DomainManager.java:200)
	at org.cougaar.core.component.BinderSupport.load(BinderSupport.java:126)
	at org.cougaar.core.component.ContainerSupport.loadComponent(ContainerSupport.java:468)
	at org.cougaar.core.component.ContainerSupport.add(ContainerSupport.java:281)
	at org.cougaar.core.agent.Agent.add(Agent.java:79)
	at org.cougaar.core.component.ContainerSupport.loadSubComponentsByPriority(ContainerSupport.java:680)
	at org.cougaar.core.component.ContainerSupport.loadComponentPriorityComponents(ContainerSupport.java:655)
	at org.cougaar.core.agent.SimpleAgent.loadComponentPriorityComponents(SimpleAgent.java:668)
	at org.cougaar.core.node.NodeAgent.loadComponentPriorityComponents(NodeAgent.java:367)
	at org.cougaar.core.component.ContainerSupport.load(ContainerSupport.java:601)
	at org.cougaar.core.agent.SimpleAgent.load(SimpleAgent.java:504)
	at org.cougaar.core.node.NodeAgent.load(NodeAgent.java:376)
	at org.cougaar.core.component.BinderSupport.load(BinderSupport.java:126)
	at org.cougaar.core.component.ContainerSupport.loadComponent(ContainerSupport.java:468)
	at org.cougaar.core.component.ContainerSupport.add(ContainerSupport.java:281)
	at org.cougaar.core.agent.AgentManager.add(AgentManager.java:158)
	at org.cougaar.core.node.Node.initNode(Node.java:590)
	at org.cougaar.core.node.Node.launch(Node.java:225)
	at sun.reflect.NativeMethodAccessorImpl.invoke0(Native Method)
	at sun.reflect.NativeMethodAccessorImpl.invoke(NativeMethodAccessorImpl.java:39)
	at sun.reflect.DelegatingMethodAccessorImpl.invoke(DelegatingMethodAccessorImpl.java:25)
	at java.lang.reflect.Method.invoke(Method.java:324)
	at org.cougaar.bootstrap.Bootstrapper.launchMain(Bootstrapper.java:279)
	at org.cougaar.bootstrap.Bootstrapper.launchApplication(Bootstrapper.java:221)
	at org.cougaar.bootstrap.Bootstrapper.launch(Bootstrapper.java:191)
	at org.cougaar.bootstrap.Bootstrapper.main(Bootstrapper.java:179)
Caused by: org.cougaar.core.component.ComponentFactoryException: Couldn't load component class for <ComponentDescription org.cougaar.tutorial.booksonline.domain.BOLDomain [BOLDomain]>
	at org.cougaar.core.component.ComponentFactory.loadClass(ComponentFactory.java:42)
	at org.cougaar.core.component.ComponentFactory.createComponent(ComponentFactory.java:129)
	at org.cougaar.core.component.BinderSupport.constructChild(BinderSupport.java:69)
	at org.cougaar.core.component.BinderSupport.initialize(BinderSupport.java:114)
	at sun.reflect.GeneratedMethodAccessor3.invoke(Unknown Source)
	at sun.reflect.DelegatingMethodAccessorImpl.invoke(DelegatingMethodAccessorImpl.java:25)
	at java.lang.reflect.Method.invoke(Method.java:324)
	at org.cougaar.core.component.BindingUtility.call0(BindingUtility.java:132)
	... 31 more
Caused by: java.lang.ClassNotFoundException: org.cougaar.tutorial.booksonline.domain.BOLDomain
	at org.cougaar.bootstrap.XURLClassLoader$1.run(XURLClassLoader.java:207)
	at java.security.AccessController.doPrivileged(Native Method)
	at org.cougaar.bootstrap.XURLClassLoader.findClass(XURLClassLoader.java:195)
	at java.lang.ClassLoader.loadClass(ClassLoader.java:299)
	at java.lang.ClassLoader.loadClass(ClassLoader.java:255)
	at org.cougaar.core.component.ComponentFactory.loadClass(ComponentFactory.java:40)
	... 38 more
17:24:03,114 ERROR [LoggerImpl] - Skipping load of <ComponentDescription org.cougaar.core.domain.DomainManager> into <Agent BOLNode>
org.cougaar.core.component.ComponentRuntimeException: failed while calling initialize() for DefaultDomainBinder/null
	at org.cougaar.core.component.BindingUtility.call0(BindingUtility.java:136)
	at org.cougaar.core.component.BindingUtility.initialize(BindingUtility.java:111)
	at org.cougaar.core.component.ContainerSupport.bindComponent(ContainerSupport.java:513)
	at org.cougaar.core.component.ContainerSupport.loadComponent(ContainerSupport.java:459)
	at org.cougaar.core.domain.DomainManager.loadComponent(DomainManager.java:464)
	at org.cougaar.core.component.ContainerSupport.add(ContainerSupport.java:281)
	at org.cougaar.core.domain.DomainManager.load(DomainManager.java:200)
	at org.cougaar.core.component.BinderSupport.load(BinderSupport.java:126)
	at org.cougaar.core.component.ContainerSupport.loadComponent(ContainerSupport.java:468)
	at org.cougaar.core.component.ContainerSupport.add(ContainerSupport.java:281)
	at org.cougaar.core.agent.Agent.add(Agent.java:79)
	at org.cougaar.core.component.ContainerSupport.loadSubComponentsByPriority(ContainerSupport.java:680)
	at org.cougaar.core.component.ContainerSupport.loadComponentPriorityComponents(ContainerSupport.java:655)
	at org.cougaar.core.agent.SimpleAgent.loadComponentPriorityComponents(SimpleAgent.java:668)
	at org.cougaar.core.node.NodeAgent.loadComponentPriorityComponents(NodeAgent.java:367)
	at org.cougaar.core.component.ContainerSupport.load(ContainerSupport.java:601)
	at org.cougaar.core.agent.SimpleAgent.load(SimpleAgent.java:504)
	at org.cougaar.core.node.NodeAgent.load(NodeAgent.java:376)
	at org.cougaar.core.component.BinderSupport.load(BinderSupport.java:126)
	at org.cougaar.core.component.ContainerSupport.loadComponent(ContainerSupport.java:468)
	at org.cougaar.core.component.ContainerSupport.add(ContainerSupport.java:281)
	at org.cougaar.core.agent.AgentManager.add(AgentManager.java:158)
	at org.cougaar.core.node.Node.initNode(Node.java:590)
	at org.cougaar.core.node.Node.launch(Node.java:225)
	at sun.reflect.NativeMethodAccessorImpl.invoke0(Native Method)
	at sun.reflect.NativeMethodAccessorImpl.invoke(NativeMethodAccessorImpl.java:39)
	at sun.reflect.DelegatingMethodAccessorImpl.invoke(DelegatingMethodAccessorImpl.java:25)
	at java.lang.reflect.Method.invoke(Method.java:324)
	at org.cougaar.bootstrap.Bootstrapper.launchMain(Bootstrapper.java:279)
	at org.cougaar.bootstrap.Bootstrapper.launchApplication(Bootstrapper.java:221)
	at org.cougaar.bootstrap.Bootstrapper.launch(Bootstrapper.java:191)
	at org.cougaar.bootstrap.Bootstrapper.main(Bootstrapper.java:179)
Caused by: org.cougaar.core.component.ComponentFactoryException: Couldn't load component class for <ComponentDescription org.cougaar.tutorial.booksonline.domain.BOLDomain [BOLDomain]>
	at org.cougaar.core.component.ComponentFactory.loadClass(ComponentFactory.java:42)
	at org.cougaar.core.component.ComponentFactory.createComponent(ComponentFactory.java:129)
	at org.cougaar.core.component.BinderSupport.constructChild(BinderSupport.java:69)
	at org.cougaar.core.component.BinderSupport.initialize(BinderSupport.java:114)
	at sun.reflect.GeneratedMethodAccessor3.invoke(Unknown Source)
	at sun.reflect.DelegatingMethodAccessorImpl.invoke(DelegatingMethodAccessorImpl.java:25)
	at java.lang.reflect.Method.invoke(Method.java:324)
	at org.cougaar.core.component.BindingUtility.call0(BindingUtility.java:132)
	... 31 more
Caused by: java.lang.ClassNotFoundException: org.cougaar.tutorial.booksonline.domain.BOLDomain
	at org.cougaar.bootstrap.XURLClassLoader$1.run(XURLClassLoader.java:207)
	at java.security.AccessController.doPrivileged(Native Method)
	at org.cougaar.bootstrap.XURLClassLoader.findClass(XURLClassLoader.java:195)
	at java.lang.ClassLoader.loadClass(ClassLoader.java:299)
	at java.lang.ClassLoader.loadClass(ClassLoader.java:255)
	at org.cougaar.core.component.ComponentFactory.loadClass(ComponentFactory.java:40)
	... 38 more
17:24:03,775 ERROR [LoggerImpl] - Failed to add <ComponentDescription org.cougaar.core.domain.DomainManager> to <Agent OrderManager>
org.cougaar.core.component.ComponentRuntimeException: failed while calling initialize() for DefaultDomainBinder/null
	at org.cougaar.core.component.BindingUtility.call0(BindingUtility.java:136)
	at org.cougaar.core.component.BindingUtility.initialize(BindingUtility.java:111)
	at org.cougaar.core.component.ContainerSupport.bindComponent(ContainerSupport.java:513)
	at org.cougaar.core.component.ContainerSupport.loadComponent(ContainerSupport.java:459)
	at org.cougaar.core.domain.DomainManager.loadComponent(DomainManager.java:464)
	at org.cougaar.core.component.ContainerSupport.add(ContainerSupport.java:281)
	at org.cougaar.core.domain.DomainManager.load(DomainManager.java:200)
	at org.cougaar.core.component.BinderSupport.load(BinderSupport.java:126)
	at org.cougaar.core.component.ContainerSupport.loadComponent(ContainerSupport.java:468)
	at org.cougaar.core.component.ContainerSupport.add(ContainerSupport.java:281)
	at org.cougaar.core.agent.Agent.add(Agent.java:79)
	at org.cougaar.core.component.ContainerSupport.loadSubComponentsByPriority(ContainerSupport.java:680)
	at org.cougaar.core.component.ContainerSupport.loadComponentPriorityComponents(ContainerSupport.java:655)
	at org.cougaar.core.agent.SimpleAgent.loadComponentPriorityComponents(SimpleAgent.java:668)
	at org.cougaar.core.component.ContainerSupport.load(ContainerSupport.java:601)
	at org.cougaar.core.agent.SimpleAgent.load(SimpleAgent.java:504)
	at org.cougaar.core.component.BinderSupport.load(BinderSupport.java:126)
	at org.cougaar.core.component.ContainerSupport.loadComponent(ContainerSupport.java:468)
	at org.cougaar.core.component.ContainerSupport.add(ContainerSupport.java:281)
	at org.cougaar.core.agent.AgentManager.add(AgentManager.java:158)
	at org.cougaar.core.component.ContainerSupport.addAll(ContainerSupport.java:420)
	at org.cougaar.core.node.NodeAgent.addAgents(NodeAgent.java:401)
	at org.cougaar.core.node.NodeAgent.load(NodeAgent.java:382)
	at org.cougaar.core.component.BinderSupport.load(BinderSupport.java:126)
	at org.cougaar.core.component.ContainerSupport.loadComponent(ContainerSupport.java:468)
	at org.cougaar.core.component.ContainerSupport.add(ContainerSupport.java:281)
	at org.cougaar.core.agent.AgentManager.add(AgentManager.java:158)
	at org.cougaar.core.node.Node.initNode(Node.java:590)
	at org.cougaar.core.node.Node.launch(Node.java:225)
	at sun.reflect.NativeMethodAccessorImpl.invoke0(Native Method)
	at sun.reflect.NativeMethodAccessorImpl.invoke(NativeMethodAccessorImpl.java:39)
	at sun.reflect.DelegatingMethodAccessorImpl.invoke(DelegatingMethodAccessorImpl.java:25)
	at java.lang.reflect.Method.invoke(Method.java:324)
	at org.cougaar.bootstrap.Bootstrapper.launchMain(Bootstrapper.java:279)
	at org.cougaar.bootstrap.Bootstrapper.launchApplication(Bootstrapper.java:221)
	at org.cougaar.bootstrap.Bootstrapper.launch(Bootstrapper.java:191)
	at org.cougaar.bootstrap.Bootstrapper.main(Bootstrapper.java:179)
Caused by: org.cougaar.core.component.ComponentFactoryException: Couldn't load component class for <ComponentDescription org.cougaar.tutorial.booksonline.domain.BOLDomain [BOLDomain]>
	at org.cougaar.core.component.ComponentFactory.loadClass(ComponentFactory.java:42)
	at org.cougaar.core.component.ComponentFactory.createComponent(ComponentFactory.java:129)
	at org.cougaar.core.component.BinderSupport.constructChild(BinderSupport.java:69)
	at org.cougaar.core.component.BinderSupport.initialize(BinderSupport.java:114)
	at sun.reflect.GeneratedMethodAccessor3.invoke(Unknown Source)
	at sun.reflect.DelegatingMethodAccessorImpl.invoke(DelegatingMethodAccessorImpl.java:25)
	at java.lang.reflect.Method.invoke(Method.java:324)
	at org.cougaar.core.component.BindingUtility.call0(BindingUtility.java:132)
	... 36 more
Caused by: java.lang.ClassNotFoundException: org.cougaar.tutorial.booksonline.domain.BOLDomain
	at org.cougaar.bootstrap.XURLClassLoader$1.run(XURLClassLoader.java:207)
	at java.security.AccessController.doPrivileged(Native Method)
	at org.cougaar.bootstrap.XURLClassLoader.findClass(XURLClassLoader.java:195)
	at java.lang.ClassLoader.loadClass(ClassLoader.java:299)
	at java.lang.ClassLoader.loadClass(ClassLoader.java:255)
	at org.cougaar.core.component.ComponentFactory.loadClass(ComponentFactory.java:40)
	... 43 more
17:24:03,986 ERROR [LoggerImpl] - Skipping load of <ComponentDescription org.cougaar.core.domain.DomainManager> into <Agent OrderManager>
org.cougaar.core.component.ComponentRuntimeException: failed while calling initialize() for DefaultDomainBinder/null
	at org.cougaar.core.component.BindingUtility.call0(BindingUtility.java:136)
	at org.cougaar.core.component.BindingUtility.initialize(BindingUtility.java:111)
	at org.cougaar.core.component.ContainerSupport.bindComponent(ContainerSupport.java:513)
	at org.cougaar.core.component.ContainerSupport.loadComponent(ContainerSupport.java:459)
	at org.cougaar.core.domain.DomainManager.loadComponent(DomainManager.java:464)
	at org.cougaar.core.component.ContainerSupport.add(ContainerSupport.java:281)
	at org.cougaar.core.domain.DomainManager.load(DomainManager.java:200)
	at org.cougaar.core.component.BinderSupport.load(BinderSupport.java:126)
	at org.cougaar.core.component.ContainerSupport.loadComponent(ContainerSupport.java:468)
	at org.cougaar.core.component.ContainerSupport.add(ContainerSupport.java:281)
	at org.cougaar.core.agent.Agent.add(Agent.java:79)
	at org.cougaar.core.component.ContainerSupport.loadSubComponentsByPriority(ContainerSupport.java:680)
	at org.cougaar.core.component.ContainerSupport.loadComponentPriorityComponents(ContainerSupport.java:655)
	at org.cougaar.core.agent.SimpleAgent.loadComponentPriorityComponents(SimpleAgent.java:668)
	at org.cougaar.core.component.ContainerSupport.load(ContainerSupport.java:601)
	at org.cougaar.core.agent.SimpleAgent.load(SimpleAgent.java:504)
	at org.cougaar.core.component.BinderSupport.load(BinderSupport.java:126)
	at org.cougaar.core.component.ContainerSupport.loadComponent(ContainerSupport.java:468)
	at org.cougaar.core.component.ContainerSupport.add(ContainerSupport.java:281)
	at org.cougaar.core.agent.AgentManager.add(AgentManager.java:158)
	at org.cougaar.core.component.ContainerSupport.addAll(ContainerSupport.java:420)
	at org.cougaar.core.node.NodeAgent.addAgents(NodeAgent.java:401)
	at org.cougaar.core.node.NodeAgent.load(NodeAgent.java:382)
	at org.cougaar.core.component.BinderSupport.load(BinderSupport.java:126)
	at org.cougaar.core.component.ContainerSupport.loadComponent(ContainerSupport.java:468)
	at org.cougaar.core.component.ContainerSupport.add(ContainerSupport.java:281)
	at org.cougaar.core.agent.AgentManager.add(AgentManager.java:158)
	at org.cougaar.core.node.Node.initNode(Node.java:590)
	at org.cougaar.core.node.Node.launch(Node.java:225)
	at sun.reflect.NativeMethodAccessorImpl.invoke0(Native Method)
	at sun.reflect.NativeMethodAccessorImpl.invoke(NativeMethodAccessorImpl.java:39)
	at sun.reflect.DelegatingMethodAccessorImpl.invoke(DelegatingMethodAccessorImpl.java:25)
	at java.lang.reflect.Method.invoke(Method.java:324)
	at org.cougaar.bootstrap.Bootstrapper.launchMain(Bootstrapper.java:279)
	at org.cougaar.bootstrap.Bootstrapper.launchApplication(Bootstrapper.java:221)
	at org.cougaar.bootstrap.Bootstrapper.launch(Bootstrapper.java:191)
	at org.cougaar.bootstrap.Bootstrapper.main(Bootstrapper.java:179)
Caused by: org.cougaar.core.component.ComponentFactoryException: Couldn't load component class for <ComponentDescription org.cougaar.tutorial.booksonline.domain.BOLDomain [BOLDomain]>
	at org.cougaar.core.component.ComponentFactory.loadClass(ComponentFactory.java:42)
	at org.cougaar.core.component.ComponentFactory.createComponent(ComponentFactory.java:129)
	at org.cougaar.core.component.BinderSupport.constructChild(BinderSupport.java:69)
	at org.cougaar.core.component.BinderSupport.initialize(BinderSupport.java:114)
	at sun.reflect.GeneratedMethodAccessor3.invoke(Unknown Source)
	at sun.reflect.DelegatingMethodAccessorImpl.invoke(DelegatingMethodAccessorImpl.java:25)
	at java.lang.reflect.Method.invoke(Method.java:324)
	at org.cougaar.core.component.BindingUtility.call0(BindingUtility.java:132)
	... 36 more
Caused by: java.lang.ClassNotFoundException: org.cougaar.tutorial.booksonline.domain.BOLDomain
	at org.cougaar.bootstrap.XURLClassLoader$1.run(XURLClassLoader.java:207)
	at java.security.AccessController.doPrivileged(Native Method)
	at org.cougaar.bootstrap.XURLClassLoader.findClass(XURLClassLoader.java:195)
	at java.lang.ClassLoader.loadClass(ClassLoader.java:299)
	at java.lang.ClassLoader.loadClass(ClassLoader.java:255)
	at org.cougaar.core.component.ComponentFactory.loadClass(ComponentFactory.java:40)
	... 43 more
17:24:04,416 ERROR [LoggerImpl] - Failed to add <ComponentDescription org.cougaar.core.domain.DomainManager> to <Agent Payment>
org.cougaar.core.component.ComponentRuntimeException: failed while calling initialize() for DefaultDomainBinder/null
	at org.cougaar.core.component.BindingUtility.call0(BindingUtility.java:136)
	at org.cougaar.core.component.BindingUtility.initialize(BindingUtility.java:111)
	at org.cougaar.core.component.ContainerSupport.bindComponent(ContainerSupport.java:513)
	at org.cougaar.core.component.ContainerSupport.loadComponent(ContainerSupport.java:459)
	at org.cougaar.core.domain.DomainManager.loadComponent(DomainManager.java:464)
	at org.cougaar.core.component.ContainerSupport.add(ContainerSupport.java:281)
	at org.cougaar.core.domain.DomainManager.load(DomainManager.java:200)
	at org.cougaar.core.component.BinderSupport.load(BinderSupport.java:126)
	at org.cougaar.core.component.ContainerSupport.loadComponent(ContainerSupport.java:468)
	at org.cougaar.core.component.ContainerSupport.add(ContainerSupport.java:281)
	at org.cougaar.core.agent.Agent.add(Agent.java:79)
	at org.cougaar.core.component.ContainerSupport.loadSubComponentsByPriority(ContainerSupport.java:680)
	at org.cougaar.core.component.ContainerSupport.loadComponentPriorityComponents(ContainerSupport.java:655)
	at org.cougaar.core.agent.SimpleAgent.loadComponentPriorityComponents(SimpleAgent.java:668)
	at org.cougaar.core.component.ContainerSupport.load(ContainerSupport.java:601)
	at org.cougaar.core.agent.SimpleAgent.load(SimpleAgent.java:504)
	at org.cougaar.core.component.BinderSupport.load(BinderSupport.java:126)
	at org.cougaar.core.component.ContainerSupport.loadComponent(ContainerSupport.java:468)
	at org.cougaar.core.component.ContainerSupport.add(ContainerSupport.java:281)
	at org.cougaar.core.agent.AgentManager.add(AgentManager.java:158)
	at org.cougaar.core.component.ContainerSupport.addAll(ContainerSupport.java:420)
	at org.cougaar.core.node.NodeAgent.addAgents(NodeAgent.java:401)
	at org.cougaar.core.node.NodeAgent.load(NodeAgent.java:382)
	at org.cougaar.core.component.BinderSupport.load(BinderSupport.java:126)
	at org.cougaar.core.component.ContainerSupport.loadComponent(ContainerSupport.java:468)
	at org.cougaar.core.component.ContainerSupport.add(ContainerSupport.java:281)
	at org.cougaar.core.agent.AgentManager.add(AgentManager.java:158)
	at org.cougaar.core.node.Node.initNode(Node.java:590)
	at org.cougaar.core.node.Node.launch(Node.java:225)
	at sun.reflect.NativeMethodAccessorImpl.invoke0(Native Method)
	at sun.reflect.NativeMethodAccessorImpl.invoke(NativeMethodAccessorImpl.java:39)
	at sun.reflect.DelegatingMethodAccessorImpl.invoke(DelegatingMethodAccessorImpl.java:25)
	at java.lang.reflect.Method.invoke(Method.java:324)
	at org.cougaar.bootstrap.Bootstrapper.launchMain(Bootstrapper.java:279)
	at org.cougaar.bootstrap.Bootstrapper.launchApplication(Bootstrapper.java:221)
	at org.cougaar.bootstrap.Bootstrapper.launch(Bootstrapper.java:191)
	at org.cougaar.bootstrap.Bootstrapper.main(Bootstrapper.java:179)
Caused by: org.cougaar.core.component.ComponentFactoryException: Couldn't load component class for <ComponentDescription org.cougaar.tutorial.booksonline.domain.BOLDomain [BOLDomain]>
	at org.cougaar.core.component.ComponentFactory.loadClass(ComponentFactory.java:42)
	at org.cougaar.core.component.ComponentFactory.createComponent(ComponentFactory.java:129)
	at org.cougaar.core.component.BinderSupport.constructChild(BinderSupport.java:69)
	at org.cougaar.core.component.BinderSupport.initialize(BinderSupport.java:114)
	at sun.reflect.GeneratedMethodAccessor3.invoke(Unknown Source)
	at sun.reflect.DelegatingMethodAccessorImpl.invoke(DelegatingMethodAccessorImpl.java:25)
	at java.lang.reflect.Method.invoke(Method.java:324)
	at org.cougaar.core.component.BindingUtility.call0(BindingUtility.java:132)
	... 36 more
Caused by: java.lang.ClassNotFoundException: org.cougaar.tutorial.booksonline.domain.BOLDomain
	at org.cougaar.bootstrap.XURLClassLoader$1.run(XURLClassLoader.java:207)
	at java.security.AccessController.doPrivileged(Native Method)
	at org.cougaar.bootstrap.XURLClassLoader.findClass(XURLClassLoader.java:195)
	at java.lang.ClassLoader.loadClass(ClassLoader.java:299)
	at java.lang.ClassLoader.loadClass(ClassLoader.java:255)
	at org.cougaar.core.component.ComponentFactory.loadClass(ComponentFactory.java:40)
	... 43 more
17:24:04,576 ERROR [LoggerImpl] - Skipping load of <ComponentDescription org.cougaar.core.domain.DomainManager> into <Agent Payment>
org.cougaar.core.component.ComponentRuntimeException: failed while calling initialize() for DefaultDomainBinder/null
	at org.cougaar.core.component.BindingUtility.call0(BindingUtility.java:136)
	at org.cougaar.core.component.BindingUtility.initialize(BindingUtility.java:111)
	at org.cougaar.core.component.ContainerSupport.bindComponent(ContainerSupport.java:513)
	at org.cougaar.core.component.ContainerSupport.loadComponent(ContainerSupport.java:459)
	at org.cougaar.core.domain.DomainManager.loadComponent(DomainManager.java:464)
	at org.cougaar.core.component.ContainerSupport.add(ContainerSupport.java:281)
	at org.cougaar.core.domain.DomainManager.load(DomainManager.java:200)
	at org.cougaar.core.component.BinderSupport.load(BinderSupport.java:126)
	at org.cougaar.core.component.ContainerSupport.loadComponent(ContainerSupport.java:468)
	at org.cougaar.core.component.ContainerSupport.add(ContainerSupport.java:281)
	at org.cougaar.core.agent.Agent.add(Agent.java:79)
	at org.cougaar.core.component.ContainerSupport.loadSubComponentsByPriority(ContainerSupport.java:680)
	at org.cougaar.core.component.ContainerSupport.loadComponentPriorityComponents(ContainerSupport.java:655)
	at org.cougaar.core.agent.SimpleAgent.loadComponentPriorityComponents(SimpleAgent.java:668)
	at org.cougaar.core.component.ContainerSupport.load(ContainerSupport.java:601)
	at org.cougaar.core.agent.SimpleAgent.load(SimpleAgent.java:504)
	at org.cougaar.core.component.BinderSupport.load(BinderSupport.java:126)
	at org.cougaar.core.component.ContainerSupport.loadComponent(ContainerSupport.java:468)
	at org.cougaar.core.component.ContainerSupport.add(ContainerSupport.java:281)
	at org.cougaar.core.agent.AgentManager.add(AgentManager.java:158)
	at org.cougaar.core.component.ContainerSupport.addAll(ContainerSupport.java:420)
	at org.cougaar.core.node.NodeAgent.addAgents(NodeAgent.java:401)
	at org.cougaar.core.node.NodeAgent.load(NodeAgent.java:382)
	at org.cougaar.core.component.BinderSupport.load(BinderSupport.java:126)
	at org.cougaar.core.component.ContainerSupport.loadComponent(ContainerSupport.java:468)
	at org.cougaar.core.component.ContainerSupport.add(ContainerSupport.java:281)
	at org.cougaar.core.agent.AgentManager.add(AgentManager.java:158)
	at org.cougaar.core.node.Node.initNode(Node.java:590)
	at org.cougaar.core.node.Node.launch(Node.java:225)
	at sun.reflect.NativeMethodAccessorImpl.invoke0(Native Method)
	at sun.reflect.NativeMethodAccessorImpl.invoke(NativeMethodAccessorImpl.java:39)
	at sun.reflect.DelegatingMethodAccessorImpl.invoke(DelegatingMethodAccessorImpl.java:25)
	at java.lang.reflect.Method.invoke(Method.java:324)
	at org.cougaar.bootstrap.Bootstrapper.launchMain(Bootstrapper.java:279)
	at org.cougaar.bootstrap.Bootstrapper.launchApplication(Bootstrapper.java:221)
	at org.cougaar.bootstrap.Bootstrapper.launch(Bootstrapper.java:191)
	at org.cougaar.bootstrap.Bootstrapper.main(Bootstrapper.java:179)
Caused by: org.cougaar.core.component.ComponentFactoryException: Couldn't load component class for <ComponentDescription org.cougaar.tutorial.booksonline.domain.BOLDomain [BOLDomain]>
	at org.cougaar.core.component.ComponentFactory.loadClass(ComponentFactory.java:42)
	at org.cougaar.core.component.ComponentFactory.createComponent(ComponentFactory.java:129)
	at org.cougaar.core.component.BinderSupport.constructChild(BinderSupport.java:69)
	at org.cougaar.core.component.BinderSupport.initialize(BinderSupport.java:114)
	at sun.reflect.GeneratedMethodAccessor3.invoke(Unknown Source)
	at sun.reflect.DelegatingMethodAccessorImpl.invoke(DelegatingMethodAccessorImpl.java:25)
	at java.lang.reflect.Method.invoke(Method.java:324)
	at org.cougaar.core.component.BindingUtility.call0(BindingUtility.java:132)
	... 36 more
Caused by: java.lang.ClassNotFoundException: org.cougaar.tutorial.booksonline.domain.BOLDomain
	at org.cougaar.bootstrap.XURLClassLoader$1.run(XURLClassLoader.java:207)
	at java.security.AccessController.doPrivileged(Native Method)
	at org.cougaar.bootstrap.XURLClassLoader.findClass(XURLClassLoader.java:195)
	at java.lang.ClassLoader.loadClass(ClassLoader.java:299)
	at java.lang.ClassLoader.loadClass(ClassLoader.java:255)
	at org.cougaar.core.component.ComponentFactory.loadClass(ComponentFactory.java:40)
	... 43 more
17:24:04,977 ERROR [LoggerImpl] - Failed to add <ComponentDescription org.cougaar.core.domain.DomainManager> to <Agent Warehouse>
org.cougaar.core.component.ComponentRuntimeException: failed while calling initialize() for DefaultDomainBinder/null
	at org.cougaar.core.component.BindingUtility.call0(BindingUtility.java:136)
	at org.cougaar.core.component.BindingUtility.initialize(BindingUtility.java:111)
	at org.cougaar.core.component.ContainerSupport.bindComponent(ContainerSupport.java:513)
	at org.cougaar.core.component.ContainerSupport.loadComponent(ContainerSupport.java:459)
	at org.cougaar.core.domain.DomainManager.loadComponent(DomainManager.java:464)
	at org.cougaar.core.component.ContainerSupport.add(ContainerSupport.java:281)
	at org.cougaar.core.domain.DomainManager.load(DomainManager.java:200)
	at org.cougaar.core.component.BinderSupport.load(BinderSupport.java:126)
	at org.cougaar.core.component.ContainerSupport.loadComponent(ContainerSupport.java:468)
	at org.cougaar.core.component.ContainerSupport.add(ContainerSupport.java:281)
	at org.cougaar.core.agent.Agent.add(Agent.java:79)
	at org.cougaar.core.component.ContainerSupport.loadSubComponentsByPriority(ContainerSupport.java:680)
	at org.cougaar.core.component.ContainerSupport.loadComponentPriorityComponents(ContainerSupport.java:655)
	at org.cougaar.core.agent.SimpleAgent.loadComponentPriorityComponents(SimpleAgent.java:668)
	at org.cougaar.core.component.ContainerSupport.load(ContainerSupport.java:601)
	at org.cougaar.core.agent.SimpleAgent.load(SimpleAgent.java:504)
	at org.cougaar.core.component.BinderSupport.load(BinderSupport.java:126)
	at org.cougaar.core.component.ContainerSupport.loadComponent(ContainerSupport.java:468)
	at org.cougaar.core.component.ContainerSupport.add(ContainerSupport.java:281)
	at org.cougaar.core.agent.AgentManager.add(AgentManager.java:158)
	at org.cougaar.core.component.ContainerSupport.addAll(ContainerSupport.java:420)
	at org.cougaar.core.node.NodeAgent.addAgents(NodeAgent.java:401)
	at org.cougaar.core.node.NodeAgent.load(NodeAgent.java:382)
	at org.cougaar.core.component.BinderSupport.load(BinderSupport.java:126)
	at org.cougaar.core.component.ContainerSupport.loadComponent(ContainerSupport.java:468)
	at org.cougaar.core.component.ContainerSupport.add(ContainerSupport.java:281)
	at org.cougaar.core.agent.AgentManager.add(AgentManager.java:158)
	at org.cougaar.core.node.Node.initNode(Node.java:590)
	at org.cougaar.core.node.Node.launch(Node.java:225)
	at sun.reflect.NativeMethodAccessorImpl.invoke0(Native Method)
	at sun.reflect.NativeMethodAccessorImpl.invoke(NativeMethodAccessorImpl.java:39)
	at sun.reflect.DelegatingMethodAccessorImpl.invoke(DelegatingMethodAccessorImpl.java:25)
	at java.lang.reflect.Method.invoke(Method.java:324)
	at org.cougaar.bootstrap.Bootstrapper.launchMain(Bootstrapper.java:279)
	at org.cougaar.bootstrap.Bootstrapper.launchApplication(Bootstrapper.java:221)
	at org.cougaar.bootstrap.Bootstrapper.launch(Bootstrapper.java:191)
	at org.cougaar.bootstrap.Bootstrapper.main(Bootstrapper.java:179)
Caused by: org.cougaar.core.component.ComponentFactoryException: Couldn't load component class for <ComponentDescription org.cougaar.tutorial.booksonline.domain.BOLDomain [BOLDomain]>
	at org.cougaar.core.component.ComponentFactory.loadClass(ComponentFactory.java:42)
	at org.cougaar.core.component.ComponentFactory.createComponent(ComponentFactory.java:129)
	at org.cougaar.core.component.BinderSupport.constructChild(BinderSupport.java:69)
	at org.cougaar.core.component.BinderSupport.initialize(BinderSupport.java:114)
	at sun.reflect.GeneratedMethodAccessor3.invoke(Unknown Source)
	at sun.reflect.DelegatingMethodAccessorImpl.invoke(DelegatingMethodAccessorImpl.java:25)
	at java.lang.reflect.Method.invoke(Method.java:324)
	at org.cougaar.core.component.BindingUtility.call0(BindingUtility.java:132)
	... 36 more
Caused by: java.lang.ClassNotFoundException: org.cougaar.tutorial.booksonline.domain.BOLDomain
	at org.cougaar.bootstrap.XURLClassLoader$1.run(XURLClassLoader.java:207)
	at java.security.AccessController.doPrivileged(Native Method)
	at org.cougaar.bootstrap.XURLClassLoader.findClass(XURLClassLoader.java:195)
	at java.lang.ClassLoader.loadClass(ClassLoader.java:299)
	at java.lang.ClassLoader.loadClass(ClassLoader.java:255)
	at org.cougaar.core.component.ComponentFactory.loadClass(ComponentFactory.java:40)
	... 43 more
17:24:05,147 ERROR [LoggerImpl] - Skipping load of <ComponentDescription org.cougaar.core.domain.DomainManager> into <Agent Warehouse>
org.cougaar.core.component.ComponentRuntimeException: failed while calling initialize() for DefaultDomainBinder/null
	at org.cougaar.core.component.BindingUtility.call0(BindingUtility.java:136)
	at org.cougaar.core.component.BindingUtility.initialize(BindingUtility.java:111)
	at org.cougaar.core.component.ContainerSupport.bindComponent(ContainerSupport.java:513)
	at org.cougaar.core.component.ContainerSupport.loadComponent(ContainerSupport.java:459)
	at org.cougaar.core.domain.DomainManager.loadComponent(DomainManager.java:464)
	at org.cougaar.core.component.ContainerSupport.add(ContainerSupport.java:281)
	at org.cougaar.core.domain.DomainManager.load(DomainManager.java:200)
	at org.cougaar.core.component.BinderSupport.load(BinderSupport.java:126)
	at org.cougaar.core.component.ContainerSupport.loadComponent(ContainerSupport.java:468)
	at org.cougaar.core.component.ContainerSupport.add(ContainerSupport.java:281)
	at org.cougaar.core.agent.Agent.add(Agent.java:79)
	at org.cougaar.core.component.ContainerSupport.loadSubComponentsByPriority(ContainerSupport.java:680)
	at org.cougaar.core.component.ContainerSupport.loadComponentPriorityComponents(ContainerSupport.java:655)
	at org.cougaar.core.agent.SimpleAgent.loadComponentPriorityComponents(SimpleAgent.java:668)
	at org.cougaar.core.component.ContainerSupport.load(ContainerSupport.java:601)
	at org.cougaar.core.agent.SimpleAgent.load(SimpleAgent.java:504)
	at org.cougaar.core.component.BinderSupport.load(BinderSupport.java:126)
	at org.cougaar.core.component.ContainerSupport.loadComponent(ContainerSupport.java:468)
	at org.cougaar.core.component.ContainerSupport.add(ContainerSupport.java:281)
	at org.cougaar.core.agent.AgentManager.add(AgentManager.java:158)
	at org.cougaar.core.component.ContainerSupport.addAll(ContainerSupport.java:420)
	at org.cougaar.core.node.NodeAgent.addAgents(NodeAgent.java:401)
	at org.cougaar.core.node.NodeAgent.load(NodeAgent.java:382)
	at org.cougaar.core.component.BinderSupport.load(BinderSupport.java:126)
	at org.cougaar.core.component.ContainerSupport.loadComponent(ContainerSupport.java:468)
	at org.cougaar.core.component.ContainerSupport.add(ContainerSupport.java:281)
	at org.cougaar.core.agent.AgentManager.add(AgentManager.java:158)
	at org.cougaar.core.node.Node.initNode(Node.java:590)
	at org.cougaar.core.node.Node.launch(Node.java:225)
	at sun.reflect.NativeMethodAccessorImpl.invoke0(Native Method)
	at sun.reflect.NativeMethodAccessorImpl.invoke(NativeMethodAccessorImpl.java:39)
	at sun.reflect.DelegatingMethodAccessorImpl.invoke(DelegatingMethodAccessorImpl.java:25)
	at java.lang.reflect.Method.invoke(Method.java:324)
	at org.cougaar.bootstrap.Bootstrapper.launchMain(Bootstrapper.java:279)
	at org.cougaar.bootstrap.Bootstrapper.launchApplication(Bootstrapper.java:221)
	at org.cougaar.bootstrap.Bootstrapper.launch(Bootstrapper.java:191)
	at org.cougaar.bootstrap.Bootstrapper.main(Bootstrapper.java:179)
Caused by: org.cougaar.core.component.ComponentFactoryException: Couldn't load component class for <ComponentDescription org.cougaar.tutorial.booksonline.domain.BOLDomain [BOLDomain]>
	at org.cougaar.core.component.ComponentFactory.loadClass(ComponentFactory.java:42)
	at org.cougaar.core.component.ComponentFactory.createComponent(ComponentFactory.java:129)
	at org.cougaar.core.component.BinderSupport.constructChild(BinderSupport.java:69)
	at org.cougaar.core.component.BinderSupport.initialize(BinderSupport.java:114)
	at sun.reflect.GeneratedMethodAccessor3.invoke(Unknown Source)
	at sun.reflect.DelegatingMethodAccessorImpl.invoke(DelegatingMethodAccessorImpl.java:25)
	at java.lang.reflect.Method.invoke(Method.java:324)
	at org.cougaar.core.component.BindingUtility.call0(BindingUtility.java:132)
	... 36 more
Caused by: java.lang.ClassNotFoundException: org.cougaar.tutorial.booksonline.domain.BOLDomain
	at org.cougaar.bootstrap.XURLClassLoader$1.run(XURLClassLoader.java:207)
	at java.security.AccessController.doPrivileged(Native Method)
	at org.cougaar.bootstrap.XURLClassLoader.findClass(XURLClassLoader.java:195)
	at java.lang.ClassLoader.loadClass(ClassLoader.java:299)
	at java.lang.ClassLoader.loadClass(ClassLoader.java:255)
	at org.cougaar.core.component.ComponentFactory.loadClass(ComponentFactory.java:40)
	... 43 more
17:24:27,730 ERROR [LoggerImpl] - Failed to add <ComponentDescription org.cougaar.core.domain.DomainManager> to <Agent Shipper>
org.cougaar.core.component.ComponentRuntimeException: failed while calling initialize() for DefaultDomainBinder/null
	at org.cougaar.core.component.BindingUtility.call0(BindingUtility.java:136)
	at org.cougaar.core.component.BindingUtility.initialize(BindingUtility.java:111)
	at org.cougaar.core.component.ContainerSupport.bindComponent(ContainerSupport.java:513)
	at org.cougaar.core.component.ContainerSupport.loadComponent(ContainerSupport.java:459)
	at org.cougaar.core.domain.DomainManager.loadComponent(DomainManager.java:464)
	at org.cougaar.core.component.ContainerSupport.add(ContainerSupport.java:281)
	at org.cougaar.core.domain.DomainManager.load(DomainManager.java:200)
	at org.cougaar.core.component.BinderSupport.load(BinderSupport.java:126)
	at org.cougaar.core.component.ContainerSupport.loadComponent(ContainerSupport.java:468)
	at org.cougaar.core.component.ContainerSupport.add(ContainerSupport.java:281)
	at org.cougaar.core.agent.Agent.add(Agent.java:79)
	at org.cougaar.core.component.ContainerSupport.loadSubComponentsByPriority(ContainerSupport.java:680)
	at org.cougaar.core.component.ContainerSupport.loadComponentPriorityComponents(ContainerSupport.java:655)
	at org.cougaar.core.agent.SimpleAgent.loadComponentPriorityComponents(SimpleAgent.java:668)
	at org.cougaar.core.component.ContainerSupport.load(ContainerSupport.java:601)
	at org.cougaar.core.agent.SimpleAgent.load(SimpleAgent.java:504)
	at org.cougaar.core.component.BinderSupport.load(BinderSupport.java:126)
	at org.cougaar.core.component.ContainerSupport.loadComponent(ContainerSupport.java:468)
	at org.cougaar.core.component.ContainerSupport.add(ContainerSupport.java:281)
	at org.cougaar.core.agent.AgentManager.add(AgentManager.java:158)
	at org.cougaar.core.component.ContainerSupport.addAll(ContainerSupport.java:420)
	at org.cougaar.core.node.NodeAgent.addAgents(NodeAgent.java:401)
	at org.cougaar.core.node.NodeAgent.load(NodeAgent.java:382)
	at org.cougaar.core.component.BinderSupport.load(BinderSupport.java:126)
	at org.cougaar.core.component.ContainerSupport.loadComponent(ContainerSupport.java:468)
	at org.cougaar.core.component.ContainerSupport.add(ContainerSupport.java:281)
	at org.cougaar.core.agent.AgentManager.add(AgentManager.java:158)
	at org.cougaar.core.node.Node.initNode(Node.java:590)
	at org.cougaar.core.node.Node.launch(Node.java:225)
	at sun.reflect.NativeMethodAccessorImpl.invoke0(Native Method)
	at sun.reflect.NativeMethodAccessorImpl.invoke(NativeMethodAccessorImpl.java:39)
	at sun.reflect.DelegatingMethodAccessorImpl.invoke(DelegatingMethodAccessorImpl.java:25)
	at java.lang.reflect.Method.invoke(Method.java:324)
	at org.cougaar.bootstrap.Bootstrapper.launchMain(Bootstrapper.java:279)
	at org.cougaar.bootstrap.Bootstrapper.launchApplication(Bootstrapper.java:221)
	at org.cougaar.bootstrap.Bootstrapper.launch(Bootstrapper.java:191)
	at org.cougaar.bootstrap.Bootstrapper.main(Bootstrapper.java:179)
Caused by: org.cougaar.core.component.ComponentFactoryException: Couldn't load component class for <ComponentDescription org.cougaar.tutorial.booksonline.domain.BOLDomain [BOLDomain]>
	at org.cougaar.core.component.ComponentFactory.loadClass(ComponentFactory.java:42)
	at org.cougaar.core.component.ComponentFactory.createComponent(ComponentFactory.java:129)
	at org.cougaar.core.component.BinderSupport.constructChild(BinderSupport.java:69)
	at org.cougaar.core.component.BinderSupport.initialize(BinderSupport.java:114)
	at sun.reflect.GeneratedMethodAccessor3.invoke(Unknown Source)
	at sun.reflect.DelegatingMethodAccessorImpl.invoke(DelegatingMethodAccessorImpl.java:25)
	at java.lang.reflect.Method.invoke(Method.java:324)
	at org.cougaar.core.component.BindingUtility.call0(BindingUtility.java:132)
	... 36 more
Caused by: java.lang.ClassNotFoundException: org.cougaar.tutorial.booksonline.domain.BOLDomain
	at org.cougaar.bootstrap.XURLClassLoader$1.run(XURLClassLoader.java:207)
	at java.security.AccessController.doPrivileged(Native Method)
	at org.cougaar.bootstrap.XURLClassLoader.findClass(XURLClassLoader.java:195)
	at java.lang.ClassLoader.loadClass(ClassLoader.java:299)
	at java.lang.ClassLoader.loadClass(ClassLoader.java:255)
	at org.cougaar.core.component.ComponentFactory.loadClass(ComponentFactory.java:40)
	... 43 more
17:24:27,880 ERROR [LoggerImpl] - Skipping load of <ComponentDescription org.cougaar.core.domain.DomainManager> into <Agent Shipper>
org.cougaar.core.component.ComponentRuntimeException: failed while calling initialize() for DefaultDomainBinder/null
	at org.cougaar.core.component.BindingUtility.call0(BindingUtility.java:136)
	at org.cougaar.core.component.BindingUtility.initialize(BindingUtility.java:111)
	at org.cougaar.core.component.ContainerSupport.bindComponent(ContainerSupport.java:513)
	at org.cougaar.core.component.ContainerSupport.loadComponent(ContainerSupport.java:459)
	at org.cougaar.core.domain.DomainManager.loadComponent(DomainManager.java:464)
	at org.cougaar.core.component.ContainerSupport.add(ContainerSupport.java:281)
	at org.cougaar.core.domain.DomainManager.load(DomainManager.java:200)
	at org.cougaar.core.component.BinderSupport.load(BinderSupport.java:126)
	at org.cougaar.core.component.ContainerSupport.loadComponent(ContainerSupport.java:468)
	at org.cougaar.core.component.ContainerSupport.add(ContainerSupport.java:281)
	at org.cougaar.core.agent.Agent.add(Agent.java:79)
	at org.cougaar.core.component.ContainerSupport.loadSubComponentsByPriority(ContainerSupport.java:680)
	at org.cougaar.core.component.ContainerSupport.loadComponentPriorityComponents(ContainerSupport.java:655)
	at org.cougaar.core.agent.SimpleAgent.loadComponentPriorityComponents(SimpleAgent.java:668)
	at org.cougaar.core.component.ContainerSupport.load(ContainerSupport.java:601)
	at org.cougaar.core.agent.SimpleAgent.load(SimpleAgent.java:504)
	at org.cougaar.core.component.BinderSupport.load(BinderSupport.java:126)
	at org.cougaar.core.component.ContainerSupport.loadComponent(ContainerSupport.java:468)
	at org.cougaar.core.component.ContainerSupport.add(ContainerSupport.java:281)
	at org.cougaar.core.agent.AgentManager.add(AgentManager.java:158)
	at org.cougaar.core.component.ContainerSupport.addAll(ContainerSupport.java:420)
	at org.cougaar.core.node.NodeAgent.addAgents(NodeAgent.java:401)
	at org.cougaar.core.node.NodeAgent.load(NodeAgent.java:382)
	at org.cougaar.core.component.BinderSupport.load(BinderSupport.java:126)
	at org.cougaar.core.component.ContainerSupport.loadComponent(ContainerSupport.java:468)
	at org.cougaar.core.component.ContainerSupport.add(ContainerSupport.java:281)
	at org.cougaar.core.agent.AgentManager.add(AgentManager.java:158)
	at org.cougaar.core.node.Node.initNode(Node.java:590)
	at org.cougaar.core.node.Node.launch(Node.java:225)
	at sun.reflect.NativeMethodAccessorImpl.invoke0(Native Method)
	at sun.reflect.NativeMethodAccessorImpl.invoke(NativeMethodAccessorImpl.java:39)
	at sun.reflect.DelegatingMethodAccessorImpl.invoke(DelegatingMethodAccessorImpl.java:25)
	at java.lang.reflect.Method.invoke(Method.java:324)
	at org.cougaar.bootstrap.Bootstrapper.launchMain(Bootstrapper.java:279)
	at org.cougaar.bootstrap.Bootstrapper.launchApplication(Bootstrapper.java:221)
	at org.cougaar.bootstrap.Bootstrapper.launch(Bootstrapper.java:191)
	at org.cougaar.bootstrap.Bootstrapper.main(Bootstrapper.java:179)
Caused by: org.cougaar.core.component.ComponentFactoryException: Couldn't load component class for <ComponentDescription org.cougaar.tutorial.booksonline.domain.BOLDomain [BOLDomain]>
	at org.cougaar.core.component.ComponentFactory.loadClass(ComponentFactory.java:42)
	at org.cougaar.core.component.ComponentFactory.createComponent(ComponentFactory.java:129)
	at org.cougaar.core.component.BinderSupport.constructChild(BinderSupport.java:69)
	at org.cougaar.core.component.BinderSupport.initialize(BinderSupport.java:114)
	at sun.reflect.GeneratedMethodAccessor3.invoke(Unknown Source)
	at sun.reflect.DelegatingMethodAccessorImpl.invoke(DelegatingMethodAccessorImpl.java:25)
	at java.lang.reflect.Method.invoke(Method.java:324)
	at org.cougaar.core.component.BindingUtility.call0(BindingUtility.java:132)
	... 36 more
Caused by: java.lang.ClassNotFoundException: org.cougaar.tutorial.booksonline.domain.BOLDomain
	at org.cougaar.bootstrap.XURLClassLoader$1.run(XURLClassLoader.java:207)
	at java.security.AccessController.doPrivileged(Native Method)
	at org.cougaar.bootstrap.XURLClassLoader.findClass(XURLClassLoader.java:195)
	at java.lang.ClassLoader.loadClass(ClassLoader.java:299)
	at java.lang.ClassLoader.loadClass(ClassLoader.java:255)
	at org.cougaar.core.component.ComponentFactory.loadClass(ComponentFactory.java:40)
	... 43 more
17:24:28,260 ERROR [LoggerImpl] - Failed to add <ComponentDescription org.cougaar.core.domain.DomainManager> to <Agent Publisher>
org.cougaar.core.component.ComponentRuntimeException: failed while calling initialize() for DefaultDomainBinder/null
	at org.cougaar.core.component.BindingUtility.call0(BindingUtility.java:136)
	at org.cougaar.core.component.BindingUtility.initialize(BindingUtility.java:111)
	at org.cougaar.core.component.ContainerSupport.bindComponent(ContainerSupport.java:513)
	at org.cougaar.core.component.ContainerSupport.loadComponent(ContainerSupport.java:459)
	at org.cougaar.core.domain.DomainManager.loadComponent(DomainManager.java:464)
	at org.cougaar.core.component.ContainerSupport.add(ContainerSupport.java:281)
	at org.cougaar.core.domain.DomainManager.load(DomainManager.java:200)
	at org.cougaar.core.component.BinderSupport.load(BinderSupport.java:126)
	at org.cougaar.core.component.ContainerSupport.loadComponent(ContainerSupport.java:468)
	at org.cougaar.core.component.ContainerSupport.add(ContainerSupport.java:281)
	at org.cougaar.core.agent.Agent.add(Agent.java:79)
	at org.cougaar.core.component.ContainerSupport.loadSubComponentsByPriority(ContainerSupport.java:680)
	at org.cougaar.core.component.ContainerSupport.loadComponentPriorityComponents(ContainerSupport.java:655)
	at org.cougaar.core.agent.SimpleAgent.loadComponentPriorityComponents(SimpleAgent.java:668)
	at org.cougaar.core.component.ContainerSupport.load(ContainerSupport.java:601)
	at org.cougaar.core.agent.SimpleAgent.load(SimpleAgent.java:504)
	at org.cougaar.core.component.BinderSupport.load(BinderSupport.java:126)
	at org.cougaar.core.component.ContainerSupport.loadComponent(ContainerSupport.java:468)
	at org.cougaar.core.component.ContainerSupport.add(ContainerSupport.java:281)
	at org.cougaar.core.agent.AgentManager.add(AgentManager.java:158)
	at org.cougaar.core.component.ContainerSupport.addAll(ContainerSupport.java:420)
	at org.cougaar.core.node.NodeAgent.addAgents(NodeAgent.java:401)
	at org.cougaar.core.node.NodeAgent.load(NodeAgent.java:382)
	at org.cougaar.core.component.BinderSupport.load(BinderSupport.java:126)
	at org.cougaar.core.component.ContainerSupport.loadComponent(ContainerSupport.java:468)
	at org.cougaar.core.component.ContainerSupport.add(ContainerSupport.java:281)
	at org.cougaar.core.agent.AgentManager.add(AgentManager.java:158)
	at org.cougaar.core.node.Node.initNode(Node.java:590)
	at org.cougaar.core.node.Node.launch(Node.java:225)
	at sun.reflect.NativeMethodAccessorImpl.invoke0(Native Method)
	at sun.reflect.NativeMethodAccessorImpl.invoke(NativeMethodAccessorImpl.java:39)
	at sun.reflect.DelegatingMethodAccessorImpl.invoke(DelegatingMethodAccessorImpl.java:25)
	at java.lang.reflect.Method.invoke(Method.java:324)
	at org.cougaar.bootstrap.Bootstrapper.launchMain(Bootstrapper.java:279)
	at org.cougaar.bootstrap.Bootstrapper.launchApplication(Bootstrapper.java:221)
	at org.cougaar.bootstrap.Bootstrapper.launch(Bootstrapper.java:191)
	at org.cougaar.bootstrap.Bootstrapper.main(Bootstrapper.java:179)
Caused by: org.cougaar.core.component.ComponentFactoryException: Couldn't load component class for <ComponentDescription org.cougaar.tutorial.booksonline.domain.BOLDomain [BOLDomain]>
	at org.cougaar.core.component.ComponentFactory.loadClass(ComponentFactory.java:42)
	at org.cougaar.core.component.ComponentFactory.createComponent(ComponentFactory.java:129)
	at org.cougaar.core.component.BinderSupport.constructChild(BinderSupport.java:69)
	at org.cougaar.core.component.BinderSupport.initialize(BinderSupport.java:114)
	at sun.reflect.GeneratedMethodAccessor3.invoke(Unknown Source)
	at sun.reflect.DelegatingMethodAccessorImpl.invoke(DelegatingMethodAccessorImpl.java:25)
	at java.lang.reflect.Method.invoke(Method.java:324)
	at org.cougaar.core.component.BindingUtility.call0(BindingUtility.java:132)
	... 36 more
Caused by: java.lang.ClassNotFoundException: org.cougaar.tutorial.booksonline.domain.BOLDomain
	at org.cougaar.bootstrap.XURLClassLoader$1.run(XURLClassLoader.java:207)
	at java.security.AccessController.doPrivileged(Native Method)
	at org.cougaar.bootstrap.XURLClassLoader.findClass(XURLClassLoader.java:195)
	at java.lang.ClassLoader.loadClass(ClassLoader.java:299)
	at java.lang.ClassLoader.loadClass(ClassLoader.java:255)
	at org.cougaar.core.component.ComponentFactory.loadClass(ComponentFactory.java:40)
	... 43 more
17:24:28,421 ERROR [LoggerImpl] - Skipping load of <ComponentDescription org.cougaar.core.domain.DomainManager> into <Agent Publisher>
org.cougaar.core.component.ComponentRuntimeException: failed while calling initialize() for DefaultDomainBinder/null
	at org.cougaar.core.component.BindingUtility.call0(BindingUtility.java:136)
	at org.cougaar.core.component.BindingUtility.initialize(BindingUtility.java:111)
	at org.cougaar.core.component.ContainerSupport.bindComponent(ContainerSupport.java:513)
	at org.cougaar.core.component.ContainerSupport.loadComponent(ContainerSupport.java:459)
	at org.cougaar.core.domain.DomainManager.loadComponent(DomainManager.java:464)
	at org.cougaar.core.component.ContainerSupport.add(ContainerSupport.java:281)
	at org.cougaar.core.domain.DomainManager.load(DomainManager.java:200)
	at org.cougaar.core.component.BinderSupport.load(BinderSupport.java:126)
	at org.cougaar.core.component.ContainerSupport.loadComponent(ContainerSupport.java:468)
	at org.cougaar.core.component.ContainerSupport.add(ContainerSupport.java:281)
	at org.cougaar.core.agent.Agent.add(Agent.java:79)
	at org.cougaar.core.component.ContainerSupport.loadSubComponentsByPriority(ContainerSupport.java:680)
	at org.cougaar.core.component.ContainerSupport.loadComponentPriorityComponents(ContainerSupport.java:655)
	at org.cougaar.core.agent.SimpleAgent.loadComponentPriorityComponents(SimpleAgent.java:668)
	at org.cougaar.core.component.ContainerSupport.load(ContainerSupport.java:601)
	at org.cougaar.core.agent.SimpleAgent.load(SimpleAgent.java:504)
	at org.cougaar.core.component.BinderSupport.load(BinderSupport.java:126)
	at org.cougaar.core.component.ContainerSupport.loadComponent(ContainerSupport.java:468)
	at org.cougaar.core.component.ContainerSupport.add(ContainerSupport.java:281)
	at org.cougaar.core.agent.AgentManager.add(AgentManager.java:158)
	at org.cougaar.core.component.ContainerSupport.addAll(ContainerSupport.java:420)
	at org.cougaar.core.node.NodeAgent.addAgents(NodeAgent.java:401)
	at org.cougaar.core.node.NodeAgent.load(NodeAgent.java:382)
	at org.cougaar.core.component.BinderSupport.load(BinderSupport.java:126)
	at org.cougaar.core.component.ContainerSupport.loadComponent(ContainerSupport.java:468)
	at org.cougaar.core.component.ContainerSupport.add(ContainerSupport.java:281)
	at org.cougaar.core.agent.AgentManager.add(AgentManager.java:158)
	at org.cougaar.core.node.Node.initNode(Node.java:590)
	at org.cougaar.core.node.Node.launch(Node.java:225)
	at sun.reflect.NativeMethodAccessorImpl.invoke0(Native Method)
	at sun.reflect.NativeMethodAccessorImpl.invoke(NativeMethodAccessorImpl.java:39)
	at sun.reflect.DelegatingMethodAccessorImpl.invoke(DelegatingMethodAccessorImpl.java:25)
	at java.lang.reflect.Method.invoke(Method.java:324)
	at org.cougaar.bootstrap.Bootstrapper.launchMain(Bootstrapper.java:279)
	at org.cougaar.bootstrap.Bootstrapper.launchApplication(Bootstrapper.java:221)
	at org.cougaar.bootstrap.Bootstrapper.launch(Bootstrapper.java:191)
	at org.cougaar.bootstrap.Bootstrapper.main(Bootstrapper.java:179)
Caused by: org.cougaar.core.component.ComponentFactoryException: Couldn't load component class for <ComponentDescription org.cougaar.tutorial.booksonline.domain.BOLDomain [BOLDomain]>
	at org.cougaar.core.component.ComponentFactory.loadClass(ComponentFactory.java:42)
	at org.cougaar.core.component.ComponentFactory.createComponent(ComponentFactory.java:129)
	at org.cougaar.core.component.BinderSupport.constructChild(BinderSupport.java:69)
	at org.cougaar.core.component.BinderSupport.initialize(BinderSupport.java:114)
	at sun.reflect.GeneratedMethodAccessor3.invoke(Unknown Source)
	at sun.reflect.DelegatingMethodAccessorImpl.invoke(DelegatingMethodAccessorImpl.java:25)
	at java.lang.reflect.Method.invoke(Method.java:324)
	at org.cougaar.core.component.BindingUtility.call0(BindingUtility.java:132)
	... 36 more
Caused by: java.lang.ClassNotFoundException: org.cougaar.tutorial.booksonline.domain.BOLDomain
	at org.cougaar.bootstrap.XURLClassLoader$1.run(XURLClassLoader.java:207)
	at java.security.AccessController.doPrivileged(Native Method)
	at org.cougaar.bootstrap.XURLClassLoader.findClass(XURLClassLoader.java:195)
	at java.lang.ClassLoader.loadClass(ClassLoader.java:299)
	at java.lang.ClassLoader.loadClass(ClassLoader.java:255)
	at org.cougaar.core.component.ComponentFactory.loadClass(ComponentFactory.java:40)
	... 43 more
17:28:39,422 ERROR [LoggerImpl] - Failed to add <ComponentDescription org.cougaar.core.domain.DomainManager> to <Agent BOLNode>
org.cougaar.core.component.ComponentRuntimeException: failed while calling initialize() for DefaultDomainBinder/null
	at org.cougaar.core.component.BindingUtility.call0(BindingUtility.java:136)
	at org.cougaar.core.component.BindingUtility.initialize(BindingUtility.java:111)
	at org.cougaar.core.component.ContainerSupport.bindComponent(ContainerSupport.java:513)
	at org.cougaar.core.component.ContainerSupport.loadComponent(ContainerSupport.java:459)
	at org.cougaar.core.domain.DomainManager.loadComponent(DomainManager.java:464)
	at org.cougaar.core.component.ContainerSupport.add(ContainerSupport.java:281)
	at org.cougaar.core.domain.DomainManager.load(DomainManager.java:200)
	at org.cougaar.core.component.BinderSupport.load(BinderSupport.java:126)
	at org.cougaar.core.component.ContainerSupport.loadComponent(ContainerSupport.java:468)
	at org.cougaar.core.component.ContainerSupport.add(ContainerSupport.java:281)
	at org.cougaar.core.agent.Agent.add(Agent.java:79)
	at org.cougaar.core.component.ContainerSupport.loadSubComponentsByPriority(ContainerSupport.java:680)
	at org.cougaar.core.component.ContainerSupport.loadComponentPriorityComponents(ContainerSupport.java:655)
	at org.cougaar.core.agent.SimpleAgent.loadComponentPriorityComponents(SimpleAgent.java:668)
	at org.cougaar.core.node.NodeAgent.loadComponentPriorityComponents(NodeAgent.java:367)
	at org.cougaar.core.component.ContainerSupport.load(ContainerSupport.java:601)
	at org.cougaar.core.agent.SimpleAgent.load(SimpleAgent.java:504)
	at org.cougaar.core.node.NodeAgent.load(NodeAgent.java:376)
	at org.cougaar.core.component.BinderSupport.load(BinderSupport.java:126)
	at org.cougaar.core.component.ContainerSupport.loadComponent(ContainerSupport.java:468)
	at org.cougaar.core.component.ContainerSupport.add(ContainerSupport.java:281)
	at org.cougaar.core.agent.AgentManager.add(AgentManager.java:158)
	at org.cougaar.core.node.Node.initNode(Node.java:590)
	at org.cougaar.core.node.Node.launch(Node.java:225)
	at sun.reflect.NativeMethodAccessorImpl.invoke0(Native Method)
	at sun.reflect.NativeMethodAccessorImpl.invoke(NativeMethodAccessorImpl.java:39)
	at sun.reflect.DelegatingMethodAccessorImpl.invoke(DelegatingMethodAccessorImpl.java:25)
	at java.lang.reflect.Method.invoke(Method.java:324)
	at org.cougaar.bootstrap.Bootstrapper.launchMain(Bootstrapper.java:279)
	at org.cougaar.bootstrap.Bootstrapper.launchApplication(Bootstrapper.java:221)
	at org.cougaar.bootstrap.Bootstrapper.launch(Bootstrapper.java:191)
	at org.cougaar.bootstrap.Bootstrapper.main(Bootstrapper.java:179)
Caused by: org.cougaar.core.component.ComponentFactoryException: Couldn't load component class for <ComponentDescription org.cougaar.tutorial.booksonline.domain.BOLDomain [BOLDomain]>
	at org.cougaar.core.component.ComponentFactory.loadClass(ComponentFactory.java:42)
	at org.cougaar.core.component.ComponentFactory.createComponent(ComponentFactory.java:129)
	at org.cougaar.core.component.BinderSupport.constructChild(BinderSupport.java:69)
	at org.cougaar.core.component.BinderSupport.initialize(BinderSupport.java:114)
	at sun.reflect.GeneratedMethodAccessor3.invoke(Unknown Source)
	at sun.reflect.DelegatingMethodAccessorImpl.invoke(DelegatingMethodAccessorImpl.java:25)
	at java.lang.reflect.Method.invoke(Method.java:324)
	at org.cougaar.core.component.BindingUtility.call0(BindingUtility.java:132)
	... 31 more
Caused by: java.lang.ClassNotFoundException: org.cougaar.tutorial.booksonline.domain.BOLDomain
	at org.cougaar.bootstrap.XURLClassLoader$1.run(XURLClassLoader.java:207)
	at java.security.AccessController.doPrivileged(Native Method)
	at org.cougaar.bootstrap.XURLClassLoader.findClass(XURLClassLoader.java:195)
	at java.lang.ClassLoader.loadClass(ClassLoader.java:299)
	at java.lang.ClassLoader.loadClass(ClassLoader.java:255)
	at org.cougaar.core.component.ComponentFactory.loadClass(ComponentFactory.java:40)
	... 38 more
17:28:39,582 ERROR [LoggerImpl] - Skipping load of <ComponentDescription org.cougaar.core.domain.DomainManager> into <Agent BOLNode>
org.cougaar.core.component.ComponentRuntimeException: failed while calling initialize() for DefaultDomainBinder/null
	at org.cougaar.core.component.BindingUtility.call0(BindingUtility.java:136)
	at org.cougaar.core.component.BindingUtility.initialize(BindingUtility.java:111)
	at org.cougaar.core.component.ContainerSupport.bindComponent(ContainerSupport.java:513)
	at org.cougaar.core.component.ContainerSupport.loadComponent(ContainerSupport.java:459)
	at org.cougaar.core.domain.DomainManager.loadComponent(DomainManager.java:464)
	at org.cougaar.core.component.ContainerSupport.add(ContainerSupport.java:281)
	at org.cougaar.core.domain.DomainManager.load(DomainManager.java:200)
	at org.cougaar.core.component.BinderSupport.load(BinderSupport.java:126)
	at org.cougaar.core.component.ContainerSupport.loadComponent(ContainerSupport.java:468)
	at org.cougaar.core.component.ContainerSupport.add(ContainerSupport.java:281)
	at org.cougaar.core.agent.Agent.add(Agent.java:79)
	at org.cougaar.core.component.ContainerSupport.loadSubComponentsByPriority(ContainerSupport.java:680)
	at org.cougaar.core.component.ContainerSupport.loadComponentPriorityComponents(ContainerSupport.java:655)
	at org.cougaar.core.agent.SimpleAgent.loadComponentPriorityComponents(SimpleAgent.java:668)
	at org.cougaar.core.node.NodeAgent.loadComponentPriorityComponents(NodeAgent.java:367)
	at org.cougaar.core.component.ContainerSupport.load(ContainerSupport.java:601)
	at org.cougaar.core.agent.SimpleAgent.load(SimpleAgent.java:504)
	at org.cougaar.core.node.NodeAgent.load(NodeAgent.java:376)
	at org.cougaar.core.component.BinderSupport.load(BinderSupport.java:126)
	at org.cougaar.core.component.ContainerSupport.loadComponent(ContainerSupport.java:468)
	at org.cougaar.core.component.ContainerSupport.add(ContainerSupport.java:281)
	at org.cougaar.core.agent.AgentManager.add(AgentManager.java:158)
	at org.cougaar.core.node.Node.initNode(Node.java:590)
	at org.cougaar.core.node.Node.launch(Node.java:225)
	at sun.reflect.NativeMethodAccessorImpl.invoke0(Native Method)
	at sun.reflect.NativeMethodAccessorImpl.invoke(NativeMethodAccessorImpl.java:39)
	at sun.reflect.DelegatingMethodAccessorImpl.invoke(DelegatingMethodAccessorImpl.java:25)
	at java.lang.reflect.Method.invoke(Method.java:324)
	at org.cougaar.bootstrap.Bootstrapper.launchMain(Bootstrapper.java:279)
	at org.cougaar.bootstrap.Bootstrapper.launchApplication(Bootstrapper.java:221)
	at org.cougaar.bootstrap.Bootstrapper.launch(Bootstrapper.java:191)
	at org.cougaar.bootstrap.Bootstrapper.main(Bootstrapper.java:179)
Caused by: org.cougaar.core.component.ComponentFactoryException: Couldn't load component class for <ComponentDescription org.cougaar.tutorial.booksonline.domain.BOLDomain [BOLDomain]>
	at org.cougaar.core.component.ComponentFactory.loadClass(ComponentFactory.java:42)
	at org.cougaar.core.component.ComponentFactory.createComponent(ComponentFactory.java:129)
	at org.cougaar.core.component.BinderSupport.constructChild(BinderSupport.java:69)
	at org.cougaar.core.component.BinderSupport.initialize(BinderSupport.java:114)
	at sun.reflect.GeneratedMethodAccessor3.invoke(Unknown Source)
	at sun.reflect.DelegatingMethodAccessorImpl.invoke(DelegatingMethodAccessorImpl.java:25)
	at java.lang.reflect.Method.invoke(Method.java:324)
	at org.cougaar.core.component.BindingUtility.call0(BindingUtility.java:132)
	... 31 more
Caused by: java.lang.ClassNotFoundException: org.cougaar.tutorial.booksonline.domain.BOLDomain
	at org.cougaar.bootstrap.XURLClassLoader$1.run(XURLClassLoader.java:207)
	at java.security.AccessController.doPrivileged(Native Method)
	at org.cougaar.bootstrap.XURLClassLoader.findClass(XURLClassLoader.java:195)
	at java.lang.ClassLoader.loadClass(ClassLoader.java:299)
	at java.lang.ClassLoader.loadClass(ClassLoader.java:255)
	at org.cougaar.core.component.ComponentFactory.loadClass(ComponentFactory.java:40)
	... 38 more
17:35:38,274 ERROR [LoggerImpl] - ReceiveAssetLP: Unable to find receiving asset <Organization UTC/RTOrg UIC/OrderManager> in OrderManager
17:35:38,284 ERROR [LoggerImpl] - ReceiveAssetLP: Unable to find receiving asset <Organization UTC/RTOrg UIC/OrderManager> in OrderManager
17:35:38,294 ERROR [LoggerImpl] - ReceiveAssetLP: Unable to find receiving asset <Organization UTC/RTOrg UIC/OrderManager> in OrderManager
17:35:38,294 ERROR [LoggerImpl] - ReceiveAssetLP: Unable to find receiving asset <Organization UTC/RTOrg UIC/OrderManager> in OrderManager
17:35:38,304 ERROR [LoggerImpl] - ReceiveAssetLP: Unable to find receiving asset <Organization UTC/RTOrg UIC/OrderManager> in OrderManager
17:35:38,304 ERROR [LoggerImpl] - ReceiveAssetLP: Unable to find receiving asset <Organization UTC/RTOrg UIC/OrderManager> in OrderManager
